make all --print-data-base --no-builtin-variables --no-builtin-rules --question
# GNU Make 4.2.1
# Built for x86_64-pc-linux-gnu
# Copyright (C) 1988-2016 Free Software Foundation, Inc.
# License GPLv3+: GNU GPL version 3 or later <http://gnu.org/licenses/gpl.html>
# This is free software: you are free to change and redistribute it.
# There is NO WARRANTY, to the extent permitted by law.

# Make data base, printed on Mon May 23 20:13:17 2022

# Variables

# automatic
<D = $(patsubst %/,%,$(dir $<))
# automatic
?F = $(notdir $?)
# environment
PAPERSIZE = a4
# environment
DESKTOP_SESSION = cinnamon
# default
.SHELLFLAGS := -c
# environment
XDG_SESSION_CLASS = user
# environment
XDG_SESSION_TYPE = x11
# environment
VSCODE_LOG_NATIVE = false
# environment
GTK3_MODULES = xapp-gtk3-module
# automatic
?D = $(patsubst %/,%,$(dir $?))
# automatic
@D = $(patsubst %/,%,$(dir $@))
# environment
XAUTHORITY = /home/krzyzowiec/.Xauthority
# environment
GDMSESSION = cinnamon
# default
MAKE_VERSION := 4.2.1
# makefile
CURDIR := /home/krzyzowiec/Dokumenty/C++/Get_a_gun_build_a_house_and_shoot_aliens
# makefile
SHELL = /bin/sh
# environment
GDM_LANG = pl
# environment
VSCODE_NLS_CONFIG = {"locale":"pl","availableLanguages":{"*":"pl"},"_languagePackId":"7e56318219d94eefb34c6c7cfb7ba5cf.pl","_translationsConfigFile":"/home/krzyzowiec/.config/Code/clp/7e56318219d94eefb34c6c7cfb7ba5cf.pl/tcf.json","_cacheRoot":"/home/krzyzowiec/.config/Code/clp/7e56318219d94eefb34c6c7cfb7ba5cf.pl","_resolvedLanguagePackCoreLocation":"/home/krzyzowiec/.config/Code/clp/7e56318219d94eefb34c6c7cfb7ba5cf.pl/c722ca6c7eed3d7987c0d5c3df5c45f6b15e77d1","_corruptedFile":"/home/krzyzowiec/.config/Code/clp/7e56318219d94eefb34c6c7cfb7ba5cf.pl/corrupted.info","_languagePackSupport":true}
# environment
_ = /usr/share/code/code
# environment
XDG_CONFIG_DIRS = /etc/xdg/xdg-cinnamon:/etc/xdg
# environment
GTK_OVERLAY_SCROLLING = 1
# makefile (from 'Makefile', line 1)
MAKEFILE_LIST :=  Makefile
# automatic
@F = $(notdir $@)
# environment
GIO_LAUNCHED_DESKTOP_FILE = /usr/share/applications/code.desktop
# 'override' directive
GNUMAKEFLAGS := 
# environment
MAKELEVEL := 0
# environment
XDG_DATA_DIRS = /usr/share/cinnamon:/usr/share/gnome:/home/krzyzowiec/.local/share/flatpak/exports/share:/var/lib/flatpak/exports/share:/usr/local/share:/usr/share
# environment
DBUS_SESSION_BUS_ADDRESS = unix:path=/run/user/1000/bus
# environment
VSCODE_VERBOSE_LOGGING = true
# environment
LESSOPEN = | /usr/bin/lesspipe %s
# environment
LC_NAME = pl_PL.UTF-8
# environment
VSCODE_CWD = /home/krzyzowiec
# environment
XDG_SESSION_PATH = /org/freedesktop/DisplayManager/Session0
# default
MAKE_HOST := x86_64-pc-linux-gnu
# environment
PATH = /home/krzyzowiec/.local/bin:/home/krzyzowiec/ProgramFiles/box16/build/box16:/home/krzyzowiec/ProgramFiles/x16emu/cc65/bin:/usr/bin/ls:/bin/ls:/home/krzyzowiec/.local/bin:/usr/local/sbin:/usr/local/bin:/usr/sbin:/usr/bin:/sbin:/bin:/usr/games:/usr/local/games:/snap/bin
# environment
GPG_AGENT_INFO = /run/user/1000/gnupg/S.gpg-agent:0:1
# environment
GJS_DEBUG_OUTPUT = stderr
# environment
SESSION_MANAGER = local/krzyzowiec-desktop:@/tmp/.ICE-unix/1120,unix/krzyzowiec-desktop:/tmp/.ICE-unix/1120
# environment
XDG_RUNTIME_DIR = /run/user/1000
# environment
KICAD_PATH = /usr/share/kicad
# environment
VSCODE_LOG_STACK = false
# environment
ELECTRON_RUN_AS_NODE = 1
# default
.FEATURES := target-specific order-only second-expansion else-if shortest-stem undefine oneshell archives jobserver output-sync check-symlink load
# environment
XDG_GREETER_DATA_DIR = /var/lib/lightdm-data/krzyzowiec
# environment
LS_COLORS = 
# environment
XDG_SESSION_DESKTOP = cinnamon
# environment
SSH_AUTH_SOCK = /run/user/1000/keyring/ssh
# environment
GIO_LAUNCHED_DESKTOP_FILE_PID = 72021
# automatic
%F = $(notdir $%)
# environment
DISPLAY = :0
# environment
VSCODE_PIPE_LOGGING = true
# environment
PWD = /home/krzyzowiec/Dokumenty/C++/Get_a_gun_build_a_house_and_shoot_aliens
# environment
QT_QPA_PLATFORMTHEME = qt5ct
# default
.LOADED := 
# environment
XDG_SEAT = seat0
# environment
SSH_AGENT_PID = 1192
# environment
ORIGINAL_XDG_CURRENT_DESKTOP = X-Cinnamon
# environment
GTK_MODULES = gail:atk-bridge
# environment
VSCODE_AMD_ENTRYPOINT = vs/workbench/api/node/extensionHostProcess
# environment
HOME = /home/krzyzowiec
# environment
LESSCLOSE = /usr/bin/lesspipe %s %s
# environment
VSCODE_CODE_CACHE_PATH = /home/krzyzowiec/.config/Code/CachedData/c722ca6c7eed3d7987c0d5c3df5c45f6b15e77d1
# environment
LOGNAME = krzyzowiec
# environment
APPLICATION_INSIGHTS_NO_DIAGNOSTIC_CHANNEL = true
# automatic
+F = $(notdir $+)
# environment
VSCODE_HANDLES_UNCAUGHT_ERRORS = true
# environment
GNOME_DESKTOP_SESSION_ID = this-is-deprecated
# automatic
^D = $(patsubst %/,%,$(dir $^))
# environment
XDG_VTNR = 7
# environment
LC_TIME = pl_PL.UTF-8
# default
MAKE = $(MAKE_COMMAND)
# default
MAKECMDGOALS := all
# environment
SHLVL = 0
# environment
VSCODE_IPC_HOOK_EXTHOST = /run/user/1000/vscode-ipc-b6c4900e-478b-490f-a53a-ae0f1823e1b1.sock
# environment
XDG_SESSION_ID = c1
# environment
USER = krzyzowiec
# environment
LC_MONETARY = pl_PL.UTF-8
# makefile
.DEFAULT_GOAL := all
# environment
XDG_CURRENT_DESKTOP = X-Cinnamon
# automatic
%D = $(patsubst %/,%,$(dir $%))
# environment
LC_TELEPHONE = pl_PL.UTF-8
# default
MAKE_COMMAND := make
# default
.VARIABLES := 
# automatic
*F = $(notdir $*)
# environment
LANGUAGE = pl_PL
# environment
XDG_SEAT_PATH = /org/freedesktop/DisplayManager/Seat0
# environment
VSCODE_IPC_HOOK = /run/user/1000/vscode-d35d680b-1.65.2-main.sock
# makefile
MAKEFLAGS = pqrR
# environment
MFLAGS = -pqrR
# automatic
*D = $(patsubst %/,%,$(dir $*))
# automatic
+D = $(patsubst %/,%,$(dir $+))
# environment
GDK_BACKEND = x11
# environment
LC_PAPER = pl_PL.UTF-8
# environment
CINNAMON_VERSION = 4.8.6
# environment
QT_ACCESSIBILITY = 1
# default
MAKEFILES := 
# environment
LC_NUMERIC = pl_PL.UTF-8
# automatic
<F = $(notdir $<)
# environment
LC_MEASUREMENT = pl_PL.UTF-8
# environment
LC_ALL = C
# environment
GJS_DEBUG_TOPICS = JS ERROR;JS LOG
# automatic
^F = $(notdir $^)
# default
SUFFIXES := 
# environment
KIGITHUB = https://github.com/KiCad
# environment
CHROME_DESKTOP = code-url-handler.desktop
# default
.INCLUDE_DIRS = /usr/include /usr/local/include /usr/include
# environment
LC_IDENTIFICATION = pl_PL.UTF-8
# default
.RECIPEPREFIX := 
# environment
LC_ADDRESS = pl_PL.UTF-8
# environment
LANG = C
# environment
VSCODE_PID = 72021
# variable set hash-table stats:
# Load=111/1024=11%, Rehash=0, Collisions=13/136=10%

# Pattern-specific Variable Values

# No pattern-specific variable values.

# Directories

# . (device 2053, inode 24908743): 34 files, no impossibilities.

# 34 files, no impossibilities in 1 directories.

# Implicit Rules

# No implicit rules.

# Files

all: GAG
#  Command line target.
#  Implicit rule search has not been done.
 
#  Last modified 2514-05-30 03:53:03.107374182
#  File has been updated.
#  Successfully updated.
#  recipe to execute (from 'Makefile', line 4):
	

# Not a target:
Makefile:
#  Implicit rule search has been done.
#  Last modified 2022-05-23 20:13:15.641457797
#  File has been updated.
#  Successfully updated.

GAG: main.cpp OnUserUpdate.cpp OnUserCreate.cpp
#  Implicit rule search has not been done.
#  Last modified 2022-05-23 20:11:38.607570248
#  File has been updated.
#  Successfully updated.
#  recipe to execute (from 'Makefile', line 12):
	g++ -o $@  main.cpp OnUserUpdate.cpp OnUserCreate.cpp -g -lX11 -lGL -lpthread -lpng -lstdc++fs -std=c++17

# Not a target:
main.cpp:
#  Implicit rule search has been done.
#  Last modified 2022-05-09 10:47:41.508452092
#  File has been updated.
#  Successfully updated.

# Not a target:
OnUserUpdate.cpp:
#  Implicit rule search has been done.
#  Last modified 2022-05-09 12:05:57.337835947
#  File has been updated.
#  Successfully updated.

# Not a target:
.DEFAULT:
#  Implicit rule search has not been done.
#  Modification time never checked.
#  File has not been updated.

# Not a target:
OnUserCreate.cpp:
#  Implicit rule search has been done.
#  Last modified 2022-05-23 20:10:49.112653954
#  File has been updated.
#  Successfully updated.

# files hash-table stats:
# Load=8/1024=1%, Rehash=0, Collisions=0/24=0%
# VPATH Search Paths

# No 'vpath' search paths.

# No general ('VPATH' variable) search path.

# strcache buffers: 1 (0) / strings = 39 / storage = 469 B / avg = 12 B
# current buf: size = 8162 B / used = 469 B / count = 39 / avg = 12 B

# strcache performance: lookups = 51 / hit rate = 23%
# hash-table stats:
# Load=39/8192=0%, Rehash=0, Collisions=1/51=2%
# Finished Make data base on Mon May 23 20:13:17 2022

 
